

Started GET "/" for 127.0.0.1 at 2014-10-22 14:32:30 -0500
Processing by Rails::WelcomeController#index as HTML
  Rendered /home/mark/.rvm/gems/ruby-2.0.0-p481@railstutorial_rails_4_0/gems/railties-4.0.8/lib/rails/templates/rails/welcome/index.html.erb (24.3ms)
Completed 200 OK in 249ms (Views: 168.4ms | ActiveRecord: 0.0ms)


Started GET "/" for 127.0.0.1 at 2014-10-22 14:33:45 -0500
Processing by Rails::WelcomeController#index as HTML
  Rendered /home/mark/.rvm/gems/ruby-2.0.0-p481@railstutorial_rails_4_0/gems/railties-4.0.8/lib/rails/templates/rails/welcome/index.html.erb (32.2ms)
Completed 200 OK in 197ms (Views: 130.0ms | ActiveRecord: 0.0ms)


Started GET "/" for 127.0.0.1 at 2014-10-22 14:34:54 -0500
Processing by Rails::WelcomeController#index as HTML
  Rendered /home/mark/.rvm/gems/ruby-2.0.0-p481@railstutorial_rails_4_0/gems/railties-4.0.8/lib/rails/templates/rails/welcome/index.html.erb (0.1ms)
Completed 200 OK in 4ms (Views: 3.3ms | ActiveRecord: 0.0ms)


Started GET "/" for 127.0.0.1 at 2014-10-22 14:34:58 -0500
Processing by Rails::WelcomeController#index as HTML
  Rendered /home/mark/.rvm/gems/ruby-2.0.0-p481@railstutorial_rails_4_0/gems/railties-4.0.8/lib/rails/templates/rails/welcome/index.html.erb (0.1ms)
Completed 200 OK in 4ms (Views: 3.2ms | ActiveRecord: 0.0ms)


Started GET "/" for 127.0.0.1 at 2014-10-22 14:50:33 -0500
Processing by Rails::WelcomeController#index as HTML
  Rendered /home/mark/.rvm/gems/ruby-2.0.0-p481@railstutorial_rails_4_0/gems/railties-4.0.8/lib/rails/templates/rails/welcome/index.html.erb (31.2ms)
Completed 200 OK in 167ms (Views: 118.4ms | ActiveRecord: 0.0ms)


Started GET "/" for 127.0.0.1 at 2014-10-22 15:24:03 -0500

ActionController::RoutingError (uninitialized constant PlayerPositionsController):
  activesupport (4.0.8) lib/active_support/inflector/methods.rb:226:in `const_get'
  activesupport (4.0.8) lib/active_support/inflector/methods.rb:226:in `block in constantize'
  activesupport (4.0.8) lib/active_support/inflector/methods.rb:224:in `each'
  activesupport (4.0.8) lib/active_support/inflector/methods.rb:224:in `inject'
  activesupport (4.0.8) lib/active_support/inflector/methods.rb:224:in `constantize'
  actionpack (4.0.8) lib/action_dispatch/routing/route_set.rb:78:in `controller_reference'
  actionpack (4.0.8) lib/action_dispatch/routing/route_set.rb:68:in `controller'
  actionpack (4.0.8) lib/action_dispatch/routing/route_set.rb:46:in `call'
  actionpack (4.0.8) lib/action_dispatch/journey/router.rb:71:in `block in call'
  actionpack (4.0.8) lib/action_dispatch/journey/router.rb:59:in `each'
  actionpack (4.0.8) lib/action_dispatch/journey/router.rb:59:in `call'
  actionpack (4.0.8) lib/action_dispatch/routing/route_set.rb:676:in `call'
  rack (1.5.2) lib/rack/etag.rb:23:in `call'
  rack (1.5.2) lib/rack/conditionalget.rb:25:in `call'
  rack (1.5.2) lib/rack/head.rb:11:in `call'
  actionpack (4.0.8) lib/action_dispatch/middleware/params_parser.rb:27:in `call'
  actionpack (4.0.8) lib/action_dispatch/middleware/flash.rb:241:in `call'
  rack (1.5.2) lib/rack/session/abstract/id.rb:225:in `context'
  rack (1.5.2) lib/rack/session/abstract/id.rb:220:in `call'
  actionpack (4.0.8) lib/action_dispatch/middleware/cookies.rb:486:in `call'
  activerecord (4.0.8) lib/active_record/query_cache.rb:36:in `call'
  activerecord (4.0.8) lib/active_record/connection_adapters/abstract/connection_pool.rb:626:in `call'
  activerecord (4.0.8) lib/active_record/migration.rb:373:in `call'
  actionpack (4.0.8) lib/action_dispatch/middleware/callbacks.rb:29:in `block in call'
  activesupport (4.0.8) lib/active_support/callbacks.rb:373:in `_run__95449963462211628__call__callbacks'
  activesupport (4.0.8) lib/active_support/callbacks.rb:80:in `run_callbacks'
  actionpack (4.0.8) lib/action_dispatch/middleware/callbacks.rb:27:in `call'
  actionpack (4.0.8) lib/action_dispatch/middleware/reloader.rb:64:in `call'
  actionpack (4.0.8) lib/action_dispatch/middleware/remote_ip.rb:76:in `call'
  actionpack (4.0.8) lib/action_dispatch/middleware/debug_exceptions.rb:17:in `call'
  actionpack (4.0.8) lib/action_dispatch/middleware/show_exceptions.rb:30:in `call'
  railties (4.0.8) lib/rails/rack/logger.rb:38:in `call_app'
  railties (4.0.8) lib/rails/rack/logger.rb:20:in `block in call'
  activesupport (4.0.8) lib/active_support/tagged_logging.rb:68:in `block in tagged'
  activesupport (4.0.8) lib/active_support/tagged_logging.rb:26:in `tagged'
  activesupport (4.0.8) lib/active_support/tagged_logging.rb:68:in `tagged'
  railties (4.0.8) lib/rails/rack/logger.rb:20:in `call'
  actionpack (4.0.8) lib/action_dispatch/middleware/request_id.rb:21:in `call'
  rack (1.5.2) lib/rack/methodoverride.rb:21:in `call'
  rack (1.5.2) lib/rack/runtime.rb:17:in `call'
  activesupport (4.0.8) lib/active_support/cache/strategy/local_cache.rb:83:in `call'
  rack (1.5.2) lib/rack/lock.rb:17:in `call'
  actionpack (4.0.8) lib/action_dispatch/middleware/static.rb:64:in `call'
  rack (1.5.2) lib/rack/sendfile.rb:112:in `call'
  railties (4.0.8) lib/rails/engine.rb:511:in `call'
  railties (4.0.8) lib/rails/application.rb:97:in `call'
  rack (1.5.2) lib/rack/lock.rb:17:in `call'
  rack (1.5.2) lib/rack/content_length.rb:14:in `call'
  rack (1.5.2) lib/rack/handler/webrick.rb:60:in `service'
  /home/mark/.rvm/rubies/ruby-2.0.0-p481/lib/ruby/2.0.0/webrick/httpserver.rb:138:in `service'
  /home/mark/.rvm/rubies/ruby-2.0.0-p481/lib/ruby/2.0.0/webrick/httpserver.rb:94:in `run'
  /home/mark/.rvm/rubies/ruby-2.0.0-p481/lib/ruby/2.0.0/webrick/server.rb:295:in `block in start_thread'


  Rendered /home/mark/.rvm/gems/ruby-2.0.0-p481@railstutorial_rails_4_0/gems/actionpack-4.0.8/lib/action_dispatch/middleware/templates/rescues/_trace.erb (2.7ms)
  Rendered /home/mark/.rvm/gems/ruby-2.0.0-p481@railstutorial_rails_4_0/gems/actionpack-4.0.8/lib/action_dispatch/middleware/templates/routes/_route.html.erb (2.8ms)
  Rendered /home/mark/.rvm/gems/ruby-2.0.0-p481@railstutorial_rails_4_0/gems/actionpack-4.0.8/lib/action_dispatch/middleware/templates/routes/_table.html.erb (74.9ms)
  Rendered /home/mark/.rvm/gems/ruby-2.0.0-p481@railstutorial_rails_4_0/gems/actionpack-4.0.8/lib/action_dispatch/middleware/templates/rescues/routing_error.erb within rescues/layout (186.9ms)


Started GET "/" for 127.0.0.1 at 2014-10-22 15:34:43 -0500

ActionController::RoutingError (uninitialized constant PlayerPositionsController):
  activesupport (4.0.8) lib/active_support/inflector/methods.rb:226:in `const_get'
  activesupport (4.0.8) lib/active_support/inflector/methods.rb:226:in `block in constantize'
  activesupport (4.0.8) lib/active_support/inflector/methods.rb:224:in `each'
  activesupport (4.0.8) lib/active_support/inflector/methods.rb:224:in `inject'
  activesupport (4.0.8) lib/active_support/inflector/methods.rb:224:in `constantize'
  actionpack (4.0.8) lib/action_dispatch/routing/route_set.rb:78:in `controller_reference'
  actionpack (4.0.8) lib/action_dispatch/routing/route_set.rb:68:in `controller'
  actionpack (4.0.8) lib/action_dispatch/routing/route_set.rb:46:in `call'
  actionpack (4.0.8) lib/action_dispatch/journey/router.rb:71:in `block in call'
  actionpack (4.0.8) lib/action_dispatch/journey/router.rb:59:in `each'
  actionpack (4.0.8) lib/action_dispatch/journey/router.rb:59:in `call'
  actionpack (4.0.8) lib/action_dispatch/routing/route_set.rb:676:in `call'
  rack (1.5.2) lib/rack/etag.rb:23:in `call'
  rack (1.5.2) lib/rack/conditionalget.rb:25:in `call'
  rack (1.5.2) lib/rack/head.rb:11:in `call'
  actionpack (4.0.8) lib/action_dispatch/middleware/params_parser.rb:27:in `call'
  actionpack (4.0.8) lib/action_dispatch/middleware/flash.rb:241:in `call'
  rack (1.5.2) lib/rack/session/abstract/id.rb:225:in `context'
  rack (1.5.2) lib/rack/session/abstract/id.rb:220:in `call'
  actionpack (4.0.8) lib/action_dispatch/middleware/cookies.rb:486:in `call'
  activerecord (4.0.8) lib/active_record/query_cache.rb:36:in `call'
  activerecord (4.0.8) lib/active_record/connection_adapters/abstract/connection_pool.rb:626:in `call'
  activerecord (4.0.8) lib/active_record/migration.rb:373:in `call'
  actionpack (4.0.8) lib/action_dispatch/middleware/callbacks.rb:29:in `block in call'
  activesupport (4.0.8) lib/active_support/callbacks.rb:373:in `_run__95449963462211628__call__callbacks'
  activesupport (4.0.8) lib/active_support/callbacks.rb:80:in `run_callbacks'
  actionpack (4.0.8) lib/action_dispatch/middleware/callbacks.rb:27:in `call'
  actionpack (4.0.8) lib/action_dispatch/middleware/reloader.rb:64:in `call'
  actionpack (4.0.8) lib/action_dispatch/middleware/remote_ip.rb:76:in `call'
  actionpack (4.0.8) lib/action_dispatch/middleware/debug_exceptions.rb:17:in `call'
  actionpack (4.0.8) lib/action_dispatch/middleware/show_exceptions.rb:30:in `call'
  railties (4.0.8) lib/rails/rack/logger.rb:38:in `call_app'
  railties (4.0.8) lib/rails/rack/logger.rb:20:in `block in call'
  activesupport (4.0.8) lib/active_support/tagged_logging.rb:68:in `block in tagged'
  activesupport (4.0.8) lib/active_support/tagged_logging.rb:26:in `tagged'
  activesupport (4.0.8) lib/active_support/tagged_logging.rb:68:in `tagged'
  railties (4.0.8) lib/rails/rack/logger.rb:20:in `call'
  actionpack (4.0.8) lib/action_dispatch/middleware/request_id.rb:21:in `call'
  rack (1.5.2) lib/rack/methodoverride.rb:21:in `call'
  rack (1.5.2) lib/rack/runtime.rb:17:in `call'
  activesupport (4.0.8) lib/active_support/cache/strategy/local_cache.rb:83:in `call'
  rack (1.5.2) lib/rack/lock.rb:17:in `call'
  actionpack (4.0.8) lib/action_dispatch/middleware/static.rb:64:in `call'
  rack (1.5.2) lib/rack/sendfile.rb:112:in `call'
  railties (4.0.8) lib/rails/engine.rb:511:in `call'
  railties (4.0.8) lib/rails/application.rb:97:in `call'
  rack (1.5.2) lib/rack/lock.rb:17:in `call'
  rack (1.5.2) lib/rack/content_length.rb:14:in `call'
  rack (1.5.2) lib/rack/handler/webrick.rb:60:in `service'
  /home/mark/.rvm/rubies/ruby-2.0.0-p481/lib/ruby/2.0.0/webrick/httpserver.rb:138:in `service'
  /home/mark/.rvm/rubies/ruby-2.0.0-p481/lib/ruby/2.0.0/webrick/httpserver.rb:94:in `run'
  /home/mark/.rvm/rubies/ruby-2.0.0-p481/lib/ruby/2.0.0/webrick/server.rb:295:in `block in start_thread'


  Rendered /home/mark/.rvm/gems/ruby-2.0.0-p481@railstutorial_rails_4_0/gems/actionpack-4.0.8/lib/action_dispatch/middleware/templates/rescues/_trace.erb (2.3ms)
  Rendered /home/mark/.rvm/gems/ruby-2.0.0-p481@railstutorial_rails_4_0/gems/actionpack-4.0.8/lib/action_dispatch/middleware/templates/routes/_route.html.erb (2.0ms)
  Rendered /home/mark/.rvm/gems/ruby-2.0.0-p481@railstutorial_rails_4_0/gems/actionpack-4.0.8/lib/action_dispatch/middleware/templates/routes/_table.html.erb (31.4ms)
  Rendered /home/mark/.rvm/gems/ruby-2.0.0-p481@railstutorial_rails_4_0/gems/actionpack-4.0.8/lib/action_dispatch/middleware/templates/rescues/routing_error.erb within rescues/layout (71.6ms)


Started GET "/player/positions" for 127.0.0.1 at 2014-10-22 15:40:07 -0500

ActionController::RoutingError (No route matches [GET] "/player/positions"):
  actionpack (4.0.8) lib/action_dispatch/middleware/debug_exceptions.rb:21:in `call'
  actionpack (4.0.8) lib/action_dispatch/middleware/show_exceptions.rb:30:in `call'
  railties (4.0.8) lib/rails/rack/logger.rb:38:in `call_app'
  railties (4.0.8) lib/rails/rack/logger.rb:20:in `block in call'
  activesupport (4.0.8) lib/active_support/tagged_logging.rb:68:in `block in tagged'
  activesupport (4.0.8) lib/active_support/tagged_logging.rb:26:in `tagged'
  activesupport (4.0.8) lib/active_support/tagged_logging.rb:68:in `tagged'
  railties (4.0.8) lib/rails/rack/logger.rb:20:in `call'
  actionpack (4.0.8) lib/action_dispatch/middleware/request_id.rb:21:in `call'
  rack (1.5.2) lib/rack/methodoverride.rb:21:in `call'
  rack (1.5.2) lib/rack/runtime.rb:17:in `call'
  activesupport (4.0.8) lib/active_support/cache/strategy/local_cache.rb:83:in `call'
  rack (1.5.2) lib/rack/lock.rb:17:in `call'
  actionpack (4.0.8) lib/action_dispatch/middleware/static.rb:64:in `call'
  rack (1.5.2) lib/rack/sendfile.rb:112:in `call'
  railties (4.0.8) lib/rails/engine.rb:511:in `call'
  railties (4.0.8) lib/rails/application.rb:97:in `call'
  rack (1.5.2) lib/rack/lock.rb:17:in `call'
  rack (1.5.2) lib/rack/content_length.rb:14:in `call'
  rack (1.5.2) lib/rack/handler/webrick.rb:60:in `service'
  /home/mark/.rvm/rubies/ruby-2.0.0-p481/lib/ruby/2.0.0/webrick/httpserver.rb:138:in `service'
  /home/mark/.rvm/rubies/ruby-2.0.0-p481/lib/ruby/2.0.0/webrick/httpserver.rb:94:in `run'
  /home/mark/.rvm/rubies/ruby-2.0.0-p481/lib/ruby/2.0.0/webrick/server.rb:295:in `block in start_thread'


  Rendered /home/mark/.rvm/gems/ruby-2.0.0-p481@railstutorial_rails_4_0/gems/actionpack-4.0.8/lib/action_dispatch/middleware/templates/rescues/_trace.erb (1.7ms)
  Rendered /home/mark/.rvm/gems/ruby-2.0.0-p481@railstutorial_rails_4_0/gems/actionpack-4.0.8/lib/action_dispatch/middleware/templates/routes/_route.html.erb (1.3ms)
  Rendered /home/mark/.rvm/gems/ruby-2.0.0-p481@railstutorial_rails_4_0/gems/actionpack-4.0.8/lib/action_dispatch/middleware/templates/routes/_table.html.erb (1.2ms)
  Rendered /home/mark/.rvm/gems/ruby-2.0.0-p481@railstutorial_rails_4_0/gems/actionpack-4.0.8/lib/action_dispatch/middleware/templates/rescues/routing_error.erb within rescues/layout (33.2ms)


Started GET "/player/positions" for 127.0.0.1 at 2014-10-22 15:40:18 -0500

ActionController::RoutingError (No route matches [GET] "/player/positions"):
  actionpack (4.0.8) lib/action_dispatch/middleware/debug_exceptions.rb:21:in `call'
  actionpack (4.0.8) lib/action_dispatch/middleware/show_exceptions.rb:30:in `call'
  railties (4.0.8) lib/rails/rack/logger.rb:38:in `call_app'
  railties (4.0.8) lib/rails/rack/logger.rb:20:in `block in call'
  activesupport (4.0.8) lib/active_support/tagged_logging.rb:68:in `block in tagged'
  activesupport (4.0.8) lib/active_support/tagged_logging.rb:26:in `tagged'
  activesupport (4.0.8) lib/active_support/tagged_logging.rb:68:in `tagged'
  railties (4.0.8) lib/rails/rack/logger.rb:20:in `call'
  actionpack (4.0.8) lib/action_dispatch/middleware/request_id.rb:21:in `call'
  rack (1.5.2) lib/rack/methodoverride.rb:21:in `call'
  rack (1.5.2) lib/rack/runtime.rb:17:in `call'
  activesupport (4.0.8) lib/active_support/cache/strategy/local_cache.rb:83:in `call'
  rack (1.5.2) lib/rack/lock.rb:17:in `call'
  actionpack (4.0.8) lib/action_dispatch/middleware/static.rb:64:in `call'
  rack (1.5.2) lib/rack/sendfile.rb:112:in `call'
  railties (4.0.8) lib/rails/engine.rb:511:in `call'
  railties (4.0.8) lib/rails/application.rb:97:in `call'
  rack (1.5.2) lib/rack/lock.rb:17:in `call'
  rack (1.5.2) lib/rack/content_length.rb:14:in `call'
  rack (1.5.2) lib/rack/handler/webrick.rb:60:in `service'
  /home/mark/.rvm/rubies/ruby-2.0.0-p481/lib/ruby/2.0.0/webrick/httpserver.rb:138:in `service'
  /home/mark/.rvm/rubies/ruby-2.0.0-p481/lib/ruby/2.0.0/webrick/httpserver.rb:94:in `run'
  /home/mark/.rvm/rubies/ruby-2.0.0-p481/lib/ruby/2.0.0/webrick/server.rb:295:in `block in start_thread'


  Rendered /home/mark/.rvm/gems/ruby-2.0.0-p481@railstutorial_rails_4_0/gems/actionpack-4.0.8/lib/action_dispatch/middleware/templates/rescues/_trace.erb (3.0ms)
  Rendered /home/mark/.rvm/gems/ruby-2.0.0-p481@railstutorial_rails_4_0/gems/actionpack-4.0.8/lib/action_dispatch/middleware/templates/routes/_route.html.erb (3.8ms)
  Rendered /home/mark/.rvm/gems/ruby-2.0.0-p481@railstutorial_rails_4_0/gems/actionpack-4.0.8/lib/action_dispatch/middleware/templates/routes/_table.html.erb (67.7ms)
  Rendered /home/mark/.rvm/gems/ruby-2.0.0-p481@railstutorial_rails_4_0/gems/actionpack-4.0.8/lib/action_dispatch/middleware/templates/rescues/routing_error.erb within rescues/layout (140.4ms)


Started GET "/" for 127.0.0.1 at 2014-10-25 20:48:00 -0500
Processing by Rails::WelcomeController#index as HTML
  Rendered /home/mark/.rvm/gems/ruby-2.0.0-p481@railstutorial_rails_4_0/gems/railties-4.0.8/lib/rails/templates/rails/welcome/index.html.erb (29.8ms)
Completed 200 OK in 144ms (Views: 109.3ms | ActiveRecord: 0.0ms)


Started GET "/player" for 127.0.0.1 at 2014-10-25 20:48:12 -0500

LoadError (Unable to autoload constant PlayerController, expected /media/sf_public_transfer/SchoolFiles/RailsProjects/soccer_repo/app/controllers/player_controller.rb to define it):
  activesupport (4.0.8) lib/active_support/dependencies.rb:464:in `load_missing_constant'
  activesupport (4.0.8) lib/active_support/dependencies.rb:184:in `const_missing'
  activesupport (4.0.8) lib/active_support/inflector/methods.rb:226:in `const_get'
  activesupport (4.0.8) lib/active_support/inflector/methods.rb:226:in `block in constantize'
  activesupport (4.0.8) lib/active_support/inflector/methods.rb:224:in `each'
  activesupport (4.0.8) lib/active_support/inflector/methods.rb:224:in `inject'
  activesupport (4.0.8) lib/active_support/inflector/methods.rb:224:in `constantize'
  activesupport (4.0.8) lib/active_support/dependencies.rb:535:in `get'
  activesupport (4.0.8) lib/active_support/dependencies.rb:566:in `constantize'
  actionpack (4.0.8) lib/action_dispatch/routing/route_set.rb:78:in `controller_reference'
  actionpack (4.0.8) lib/action_dispatch/routing/route_set.rb:68:in `controller'
  actionpack (4.0.8) lib/action_dispatch/routing/route_set.rb:46:in `call'
  actionpack (4.0.8) lib/action_dispatch/journey/router.rb:71:in `block in call'
  actionpack (4.0.8) lib/action_dispatch/journey/router.rb:59:in `each'
  actionpack (4.0.8) lib/action_dispatch/journey/router.rb:59:in `call'
  actionpack (4.0.8) lib/action_dispatch/routing/route_set.rb:676:in `call'
  rack (1.5.2) lib/rack/etag.rb:23:in `call'
  rack (1.5.2) lib/rack/conditionalget.rb:25:in `call'
  rack (1.5.2) lib/rack/head.rb:11:in `call'
  actionpack (4.0.8) lib/action_dispatch/middleware/params_parser.rb:27:in `call'
  actionpack (4.0.8) lib/action_dispatch/middleware/flash.rb:241:in `call'
  rack (1.5.2) lib/rack/session/abstract/id.rb:225:in `context'
  rack (1.5.2) lib/rack/session/abstract/id.rb:220:in `call'
  actionpack (4.0.8) lib/action_dispatch/middleware/cookies.rb:486:in `call'
  activerecord (4.0.8) lib/active_record/query_cache.rb:36:in `call'
  activerecord (4.0.8) lib/active_record/connection_adapters/abstract/connection_pool.rb:626:in `call'
  activerecord (4.0.8) lib/active_record/migration.rb:373:in `call'
  actionpack (4.0.8) lib/action_dispatch/middleware/callbacks.rb:29:in `block in call'
  activesupport (4.0.8) lib/active_support/callbacks.rb:373:in `_run__4512465877879810427__call__callbacks'
  activesupport (4.0.8) lib/active_support/callbacks.rb:80:in `run_callbacks'
  actionpack (4.0.8) lib/action_dispatch/middleware/callbacks.rb:27:in `call'
  actionpack (4.0.8) lib/action_dispatch/middleware/reloader.rb:64:in `call'
  actionpack (4.0.8) lib/action_dispatch/middleware/remote_ip.rb:76:in `call'
  actionpack (4.0.8) lib/action_dispatch/middleware/debug_exceptions.rb:17:in `call'
  actionpack (4.0.8) lib/action_dispatch/middleware/show_exceptions.rb:30:in `call'
  railties (4.0.8) lib/rails/rack/logger.rb:38:in `call_app'
  railties (4.0.8) lib/rails/rack/logger.rb:20:in `block in call'
  activesupport (4.0.8) lib/active_support/tagged_logging.rb:68:in `block in tagged'
  activesupport (4.0.8) lib/active_support/tagged_logging.rb:26:in `tagged'
  activesupport (4.0.8) lib/active_support/tagged_logging.rb:68:in `tagged'
  railties (4.0.8) lib/rails/rack/logger.rb:20:in `call'
  actionpack (4.0.8) lib/action_dispatch/middleware/request_id.rb:21:in `call'
  rack (1.5.2) lib/rack/methodoverride.rb:21:in `call'
  rack (1.5.2) lib/rack/runtime.rb:17:in `call'
  activesupport (4.0.8) lib/active_support/cache/strategy/local_cache.rb:83:in `call'
  rack (1.5.2) lib/rack/lock.rb:17:in `call'
  actionpack (4.0.8) lib/action_dispatch/middleware/static.rb:64:in `call'
  rack (1.5.2) lib/rack/sendfile.rb:112:in `call'
  railties (4.0.8) lib/rails/engine.rb:511:in `call'
  railties (4.0.8) lib/rails/application.rb:97:in `call'
  rack (1.5.2) lib/rack/lock.rb:17:in `call'
  rack (1.5.2) lib/rack/content_length.rb:14:in `call'
  rack (1.5.2) lib/rack/handler/webrick.rb:60:in `service'
  /home/mark/.rvm/rubies/ruby-2.0.0-p481/lib/ruby/2.0.0/webrick/httpserver.rb:138:in `service'
  /home/mark/.rvm/rubies/ruby-2.0.0-p481/lib/ruby/2.0.0/webrick/httpserver.rb:94:in `run'
  /home/mark/.rvm/rubies/ruby-2.0.0-p481/lib/ruby/2.0.0/webrick/server.rb:295:in `block in start_thread'


  Rendered /home/mark/.rvm/gems/ruby-2.0.0-p481@railstutorial_rails_4_0/gems/actionpack-4.0.8/lib/action_dispatch/middleware/templates/rescues/_source.erb (0.8ms)
  Rendered /home/mark/.rvm/gems/ruby-2.0.0-p481@railstutorial_rails_4_0/gems/actionpack-4.0.8/lib/action_dispatch/middleware/templates/rescues/_trace.erb (2.4ms)
  Rendered /home/mark/.rvm/gems/ruby-2.0.0-p481@railstutorial_rails_4_0/gems/actionpack-4.0.8/lib/action_dispatch/middleware/templates/rescues/_request_and_response.erb (1.5ms)
  Rendered /home/mark/.rvm/gems/ruby-2.0.0-p481@railstutorial_rails_4_0/gems/actionpack-4.0.8/lib/action_dispatch/middleware/templates/rescues/diagnostics.erb within rescues/layout (72.4ms)


Started GET "/players" for 127.0.0.1 at 2014-10-25 20:48:16 -0500

ActionController::RoutingError (No route matches [GET] "/players"):
  actionpack (4.0.8) lib/action_dispatch/middleware/debug_exceptions.rb:21:in `call'
  actionpack (4.0.8) lib/action_dispatch/middleware/show_exceptions.rb:30:in `call'
  railties (4.0.8) lib/rails/rack/logger.rb:38:in `call_app'
  railties (4.0.8) lib/rails/rack/logger.rb:20:in `block in call'
  activesupport (4.0.8) lib/active_support/tagged_logging.rb:68:in `block in tagged'
  activesupport (4.0.8) lib/active_support/tagged_logging.rb:26:in `tagged'
  activesupport (4.0.8) lib/active_support/tagged_logging.rb:68:in `tagged'
  railties (4.0.8) lib/rails/rack/logger.rb:20:in `call'
  actionpack (4.0.8) lib/action_dispatch/middleware/request_id.rb:21:in `call'
  rack (1.5.2) lib/rack/methodoverride.rb:21:in `call'
  rack (1.5.2) lib/rack/runtime.rb:17:in `call'
  activesupport (4.0.8) lib/active_support/cache/strategy/local_cache.rb:83:in `call'
  rack (1.5.2) lib/rack/lock.rb:17:in `call'
  actionpack (4.0.8) lib/action_dispatch/middleware/static.rb:64:in `call'
  rack (1.5.2) lib/rack/sendfile.rb:112:in `call'
  railties (4.0.8) lib/rails/engine.rb:511:in `call'
  railties (4.0.8) lib/rails/application.rb:97:in `call'
  rack (1.5.2) lib/rack/lock.rb:17:in `call'
  rack (1.5.2) lib/rack/content_length.rb:14:in `call'
  rack (1.5.2) lib/rack/handler/webrick.rb:60:in `service'
  /home/mark/.rvm/rubies/ruby-2.0.0-p481/lib/ruby/2.0.0/webrick/httpserver.rb:138:in `service'
  /home/mark/.rvm/rubies/ruby-2.0.0-p481/lib/ruby/2.0.0/webrick/httpserver.rb:94:in `run'
  /home/mark/.rvm/rubies/ruby-2.0.0-p481/lib/ruby/2.0.0/webrick/server.rb:295:in `block in start_thread'


  Rendered /home/mark/.rvm/gems/ruby-2.0.0-p481@railstutorial_rails_4_0/gems/actionpack-4.0.8/lib/action_dispatch/middleware/templates/rescues/_trace.erb (1.3ms)
  Rendered /home/mark/.rvm/gems/ruby-2.0.0-p481@railstutorial_rails_4_0/gems/actionpack-4.0.8/lib/action_dispatch/middleware/templates/routes/_route.html.erb (1.7ms)
  Rendered /home/mark/.rvm/gems/ruby-2.0.0-p481@railstutorial_rails_4_0/gems/actionpack-4.0.8/lib/action_dispatch/middleware/templates/routes/_table.html.erb (69.4ms)
  Rendered /home/mark/.rvm/gems/ruby-2.0.0-p481@railstutorial_rails_4_0/gems/actionpack-4.0.8/lib/action_dispatch/middleware/templates/rescues/routing_error.erb within rescues/layout (431.7ms)


Started GET "/player" for 127.0.0.1 at 2014-10-25 20:48:27 -0500

RuntimeError (Circular dependency detected while autoloading constant PlayerController):
  activesupport (4.0.8) lib/active_support/dependencies.rb:461:in `load_missing_constant'
  activesupport (4.0.8) lib/active_support/dependencies.rb:184:in `const_missing'
  activesupport (4.0.8) lib/active_support/inflector/methods.rb:226:in `const_get'
  activesupport (4.0.8) lib/active_support/inflector/methods.rb:226:in `block in constantize'
  activesupport (4.0.8) lib/active_support/inflector/methods.rb:224:in `each'
  activesupport (4.0.8) lib/active_support/inflector/methods.rb:224:in `inject'
  activesupport (4.0.8) lib/active_support/inflector/methods.rb:224:in `constantize'
  activesupport (4.0.8) lib/active_support/dependencies.rb:535:in `get'
  activesupport (4.0.8) lib/active_support/dependencies.rb:566:in `constantize'
  actionpack (4.0.8) lib/action_dispatch/routing/route_set.rb:78:in `controller_reference'
  actionpack (4.0.8) lib/action_dispatch/routing/route_set.rb:68:in `controller'
  actionpack (4.0.8) lib/action_dispatch/routing/route_set.rb:46:in `call'
  actionpack (4.0.8) lib/action_dispatch/journey/router.rb:71:in `block in call'
  actionpack (4.0.8) lib/action_dispatch/journey/router.rb:59:in `each'
  actionpack (4.0.8) lib/action_dispatch/journey/router.rb:59:in `call'
  actionpack (4.0.8) lib/action_dispatch/routing/route_set.rb:676:in `call'
  rack (1.5.2) lib/rack/etag.rb:23:in `call'
  rack (1.5.2) lib/rack/conditionalget.rb:25:in `call'
  rack (1.5.2) lib/rack/head.rb:11:in `call'
  actionpack (4.0.8) lib/action_dispatch/middleware/params_parser.rb:27:in `call'
  actionpack (4.0.8) lib/action_dispatch/middleware/flash.rb:241:in `call'
  rack (1.5.2) lib/rack/session/abstract/id.rb:225:in `context'
  rack (1.5.2) lib/rack/session/abstract/id.rb:220:in `call'
  actionpack (4.0.8) lib/action_dispatch/middleware/cookies.rb:486:in `call'
  activerecord (4.0.8) lib/active_record/query_cache.rb:36:in `call'
  activerecord (4.0.8) lib/active_record/connection_adapters/abstract/connection_pool.rb:626:in `call'
  activerecord (4.0.8) lib/active_record/migration.rb:373:in `call'
  actionpack (4.0.8) lib/action_dispatch/middleware/callbacks.rb:29:in `block in call'
  activesupport (4.0.8) lib/active_support/callbacks.rb:373:in `_run__4512465877879810427__call__callbacks'
  activesupport (4.0.8) lib/active_support/callbacks.rb:80:in `run_callbacks'
  actionpack (4.0.8) lib/action_dispatch/middleware/callbacks.rb:27:in `call'
  actionpack (4.0.8) lib/action_dispatch/middleware/reloader.rb:64:in `call'
  actionpack (4.0.8) lib/action_dispatch/middleware/remote_ip.rb:76:in `call'
  actionpack (4.0.8) lib/action_dispatch/middleware/debug_exceptions.rb:17:in `call'
  actionpack (4.0.8) lib/action_dispatch/middleware/show_exceptions.rb:30:in `call'
  railties (4.0.8) lib/rails/rack/logger.rb:38:in `call_app'
  railties (4.0.8) lib/rails/rack/logger.rb:20:in `block in call'
  activesupport (4.0.8) lib/active_support/tagged_logging.rb:68:in `block in tagged'
  activesupport (4.0.8) lib/active_support/tagged_logging.rb:26:in `tagged'
  activesupport (4.0.8) lib/active_support/tagged_logging.rb:68:in `tagged'
  railties (4.0.8) lib/rails/rack/logger.rb:20:in `call'
  actionpack (4.0.8) lib/action_dispatch/middleware/request_id.rb:21:in `call'
  rack (1.5.2) lib/rack/methodoverride.rb:21:in `call'
  rack (1.5.2) lib/rack/runtime.rb:17:in `call'
  activesupport (4.0.8) lib/active_support/cache/strategy/local_cache.rb:83:in `call'
  rack (1.5.2) lib/rack/lock.rb:17:in `call'
  actionpack (4.0.8) lib/action_dispatch/middleware/static.rb:64:in `call'
  rack (1.5.2) lib/rack/sendfile.rb:112:in `call'
  railties (4.0.8) lib/rails/engine.rb:511:in `call'
  railties (4.0.8) lib/rails/application.rb:97:in `call'
  rack (1.5.2) lib/rack/lock.rb:17:in `call'
  rack (1.5.2) lib/rack/content_length.rb:14:in `call'
  rack (1.5.2) lib/rack/handler/webrick.rb:60:in `service'
  /home/mark/.rvm/rubies/ruby-2.0.0-p481/lib/ruby/2.0.0/webrick/httpserver.rb:138:in `service'
  /home/mark/.rvm/rubies/ruby-2.0.0-p481/lib/ruby/2.0.0/webrick/httpserver.rb:94:in `run'
  /home/mark/.rvm/rubies/ruby-2.0.0-p481/lib/ruby/2.0.0/webrick/server.rb:295:in `block in start_thread'


  Rendered /home/mark/.rvm/gems/ruby-2.0.0-p481@railstutorial_rails_4_0/gems/actionpack-4.0.8/lib/action_dispatch/middleware/templates/rescues/_source.erb (0.6ms)
  Rendered /home/mark/.rvm/gems/ruby-2.0.0-p481@railstutorial_rails_4_0/gems/actionpack-4.0.8/lib/action_dispatch/middleware/templates/rescues/_trace.erb (1.2ms)
  Rendered /home/mark/.rvm/gems/ruby-2.0.0-p481@railstutorial_rails_4_0/gems/actionpack-4.0.8/lib/action_dispatch/middleware/templates/rescues/_request_and_response.erb (1.2ms)
  Rendered /home/mark/.rvm/gems/ruby-2.0.0-p481@railstutorial_rails_4_0/gems/actionpack-4.0.8/lib/action_dispatch/middleware/templates/rescues/diagnostics.erb within rescues/layout (21.3ms)


Started GET "/player_pos" for 127.0.0.1 at 2014-10-25 20:48:35 -0500

RuntimeError (Circular dependency detected while autoloading constant PlayerController):
  activesupport (4.0.8) lib/active_support/dependencies.rb:461:in `load_missing_constant'
  activesupport (4.0.8) lib/active_support/dependencies.rb:184:in `const_missing'
  activesupport (4.0.8) lib/active_support/inflector/methods.rb:226:in `const_get'
  activesupport (4.0.8) lib/active_support/inflector/methods.rb:226:in `block in constantize'
  activesupport (4.0.8) lib/active_support/inflector/methods.rb:224:in `each'
  activesupport (4.0.8) lib/active_support/inflector/methods.rb:224:in `inject'
  activesupport (4.0.8) lib/active_support/inflector/methods.rb:224:in `constantize'
  activesupport (4.0.8) lib/active_support/dependencies.rb:535:in `get'
  activesupport (4.0.8) lib/active_support/dependencies.rb:566:in `constantize'
  actionpack (4.0.8) lib/action_dispatch/routing/route_set.rb:78:in `controller_reference'
  actionpack (4.0.8) lib/action_dispatch/routing/route_set.rb:68:in `controller'
  actionpack (4.0.8) lib/action_dispatch/routing/route_set.rb:46:in `call'
  actionpack (4.0.8) lib/action_dispatch/journey/router.rb:71:in `block in call'
  actionpack (4.0.8) lib/action_dispatch/journey/router.rb:59:in `each'
  actionpack (4.0.8) lib/action_dispatch/journey/router.rb:59:in `call'
  actionpack (4.0.8) lib/action_dispatch/routing/route_set.rb:676:in `call'
  rack (1.5.2) lib/rack/etag.rb:23:in `call'
  rack (1.5.2) lib/rack/conditionalget.rb:25:in `call'
  rack (1.5.2) lib/rack/head.rb:11:in `call'
  actionpack (4.0.8) lib/action_dispatch/middleware/params_parser.rb:27:in `call'
  actionpack (4.0.8) lib/action_dispatch/middleware/flash.rb:241:in `call'
  rack (1.5.2) lib/rack/session/abstract/id.rb:225:in `context'
  rack (1.5.2) lib/rack/session/abstract/id.rb:220:in `call'
  actionpack (4.0.8) lib/action_dispatch/middleware/cookies.rb:486:in `call'
  activerecord (4.0.8) lib/active_record/query_cache.rb:36:in `call'
  activerecord (4.0.8) lib/active_record/connection_adapters/abstract/connection_pool.rb:626:in `call'
  activerecord (4.0.8) lib/active_record/migration.rb:373:in `call'
  actionpack (4.0.8) lib/action_dispatch/middleware/callbacks.rb:29:in `block in call'
  activesupport (4.0.8) lib/active_support/callbacks.rb:373:in `_run__4512465877879810427__call__callbacks'
  activesupport (4.0.8) lib/active_support/callbacks.rb:80:in `run_callbacks'
  actionpack (4.0.8) lib/action_dispatch/middleware/callbacks.rb:27:in `call'
  actionpack (4.0.8) lib/action_dispatch/middleware/reloader.rb:64:in `call'
  actionpack (4.0.8) lib/action_dispatch/middleware/remote_ip.rb:76:in `call'
  actionpack (4.0.8) lib/action_dispatch/middleware/debug_exceptions.rb:17:in `call'
  actionpack (4.0.8) lib/action_dispatch/middleware/show_exceptions.rb:30:in `call'
  railties (4.0.8) lib/rails/rack/logger.rb:38:in `call_app'
  railties (4.0.8) lib/rails/rack/logger.rb:20:in `block in call'
  activesupport (4.0.8) lib/active_support/tagged_logging.rb:68:in `block in tagged'
  activesupport (4.0.8) lib/active_support/tagged_logging.rb:26:in `tagged'
  activesupport (4.0.8) lib/active_support/tagged_logging.rb:68:in `tagged'
  railties (4.0.8) lib/rails/rack/logger.rb:20:in `call'
  actionpack (4.0.8) lib/action_dispatch/middleware/request_id.rb:21:in `call'
  rack (1.5.2) lib/rack/methodoverride.rb:21:in `call'
  rack (1.5.2) lib/rack/runtime.rb:17:in `call'
  activesupport (4.0.8) lib/active_support/cache/strategy/local_cache.rb:83:in `call'
  rack (1.5.2) lib/rack/lock.rb:17:in `call'
  actionpack (4.0.8) lib/action_dispatch/middleware/static.rb:64:in `call'
  rack (1.5.2) lib/rack/sendfile.rb:112:in `call'
  railties (4.0.8) lib/rails/engine.rb:511:in `call'
  railties (4.0.8) lib/rails/application.rb:97:in `call'
  rack (1.5.2) lib/rack/lock.rb:17:in `call'
  rack (1.5.2) lib/rack/content_length.rb:14:in `call'
  rack (1.5.2) lib/rack/handler/webrick.rb:60:in `service'
  /home/mark/.rvm/rubies/ruby-2.0.0-p481/lib/ruby/2.0.0/webrick/httpserver.rb:138:in `service'
  /home/mark/.rvm/rubies/ruby-2.0.0-p481/lib/ruby/2.0.0/webrick/httpserver.rb:94:in `run'
  /home/mark/.rvm/rubies/ruby-2.0.0-p481/lib/ruby/2.0.0/webrick/server.rb:295:in `block in start_thread'


  Rendered /home/mark/.rvm/gems/ruby-2.0.0-p481@railstutorial_rails_4_0/gems/actionpack-4.0.8/lib/action_dispatch/middleware/templates/rescues/_source.erb (0.6ms)
  Rendered /home/mark/.rvm/gems/ruby-2.0.0-p481@railstutorial_rails_4_0/gems/actionpack-4.0.8/lib/action_dispatch/middleware/templates/rescues/_trace.erb (1.1ms)
  Rendered /home/mark/.rvm/gems/ruby-2.0.0-p481@railstutorial_rails_4_0/gems/actionpack-4.0.8/lib/action_dispatch/middleware/templates/rescues/_request_and_response.erb (1.1ms)
  Rendered /home/mark/.rvm/gems/ruby-2.0.0-p481@railstutorial_rails_4_0/gems/actionpack-4.0.8/lib/action_dispatch/middleware/templates/rescues/diagnostics.erb within rescues/layout (24.6ms)


Started GET "/player_pos" for 127.0.0.1 at 2014-10-25 20:50:29 -0500

LoadError (Unable to autoload constant PlayerController, expected /media/sf_public_transfer/SchoolFiles/RailsProjects/soccer_repo/app/controllers/player_controller.rb to define it):
  activesupport (4.0.8) lib/active_support/dependencies.rb:464:in `load_missing_constant'
  activesupport (4.0.8) lib/active_support/dependencies.rb:184:in `const_missing'
  activesupport (4.0.8) lib/active_support/inflector/methods.rb:226:in `const_get'
  activesupport (4.0.8) lib/active_support/inflector/methods.rb:226:in `block in constantize'
  activesupport (4.0.8) lib/active_support/inflector/methods.rb:224:in `each'
  activesupport (4.0.8) lib/active_support/inflector/methods.rb:224:in `inject'
  activesupport (4.0.8) lib/active_support/inflector/methods.rb:224:in `constantize'
  activesupport (4.0.8) lib/active_support/dependencies.rb:535:in `get'
  activesupport (4.0.8) lib/active_support/dependencies.rb:566:in `constantize'
  actionpack (4.0.8) lib/action_dispatch/routing/route_set.rb:78:in `controller_reference'
  actionpack (4.0.8) lib/action_dispatch/routing/route_set.rb:68:in `controller'
  actionpack (4.0.8) lib/action_dispatch/routing/route_set.rb:46:in `call'
  actionpack (4.0.8) lib/action_dispatch/journey/router.rb:71:in `block in call'
  actionpack (4.0.8) lib/action_dispatch/journey/router.rb:59:in `each'
  actionpack (4.0.8) lib/action_dispatch/journey/router.rb:59:in `call'
  actionpack (4.0.8) lib/action_dispatch/routing/route_set.rb:676:in `call'
  rack (1.5.2) lib/rack/etag.rb:23:in `call'
  rack (1.5.2) lib/rack/conditionalget.rb:25:in `call'
  rack (1.5.2) lib/rack/head.rb:11:in `call'
  actionpack (4.0.8) lib/action_dispatch/middleware/params_parser.rb:27:in `call'
  actionpack (4.0.8) lib/action_dispatch/middleware/flash.rb:241:in `call'
  rack (1.5.2) lib/rack/session/abstract/id.rb:225:in `context'
  rack (1.5.2) lib/rack/session/abstract/id.rb:220:in `call'
  actionpack (4.0.8) lib/action_dispatch/middleware/cookies.rb:486:in `call'
  activerecord (4.0.8) lib/active_record/query_cache.rb:36:in `call'
  activerecord (4.0.8) lib/active_record/connection_adapters/abstract/connection_pool.rb:626:in `call'
  activerecord (4.0.8) lib/active_record/migration.rb:373:in `call'
  actionpack (4.0.8) lib/action_dispatch/middleware/callbacks.rb:29:in `block in call'
  activesupport (4.0.8) lib/active_support/callbacks.rb:373:in `_run__4512465877879810427__call__callbacks'
  activesupport (4.0.8) lib/active_support/callbacks.rb:80:in `run_callbacks'
  actionpack (4.0.8) lib/action_dispatch/middleware/callbacks.rb:27:in `call'
  actionpack (4.0.8) lib/action_dispatch/middleware/reloader.rb:64:in `call'
  actionpack (4.0.8) lib/action_dispatch/middleware/remote_ip.rb:76:in `call'
  actionpack (4.0.8) lib/action_dispatch/middleware/debug_exceptions.rb:17:in `call'
  actionpack (4.0.8) lib/action_dispatch/middleware/show_exceptions.rb:30:in `call'
  railties (4.0.8) lib/rails/rack/logger.rb:38:in `call_app'
  railties (4.0.8) lib/rails/rack/logger.rb:20:in `block in call'
  activesupport (4.0.8) lib/active_support/tagged_logging.rb:68:in `block in tagged'
  activesupport (4.0.8) lib/active_support/tagged_logging.rb:26:in `tagged'
  activesupport (4.0.8) lib/active_support/tagged_logging.rb:68:in `tagged'
  railties (4.0.8) lib/rails/rack/logger.rb:20:in `call'
  actionpack (4.0.8) lib/action_dispatch/middleware/request_id.rb:21:in `call'
  rack (1.5.2) lib/rack/methodoverride.rb:21:in `call'
  rack (1.5.2) lib/rack/runtime.rb:17:in `call'
  activesupport (4.0.8) lib/active_support/cache/strategy/local_cache.rb:83:in `call'
  rack (1.5.2) lib/rack/lock.rb:17:in `call'
  actionpack (4.0.8) lib/action_dispatch/middleware/static.rb:64:in `call'
  rack (1.5.2) lib/rack/sendfile.rb:112:in `call'
  railties (4.0.8) lib/rails/engine.rb:511:in `call'
  railties (4.0.8) lib/rails/application.rb:97:in `call'
  rack (1.5.2) lib/rack/lock.rb:17:in `call'
  rack (1.5.2) lib/rack/content_length.rb:14:in `call'
  rack (1.5.2) lib/rack/handler/webrick.rb:60:in `service'
  /home/mark/.rvm/rubies/ruby-2.0.0-p481/lib/ruby/2.0.0/webrick/httpserver.rb:138:in `service'
  /home/mark/.rvm/rubies/ruby-2.0.0-p481/lib/ruby/2.0.0/webrick/httpserver.rb:94:in `run'
  /home/mark/.rvm/rubies/ruby-2.0.0-p481/lib/ruby/2.0.0/webrick/server.rb:295:in `block in start_thread'


  Rendered /home/mark/.rvm/gems/ruby-2.0.0-p481@railstutorial_rails_4_0/gems/actionpack-4.0.8/lib/action_dispatch/middleware/templates/rescues/_source.erb (0.9ms)
  Rendered /home/mark/.rvm/gems/ruby-2.0.0-p481@railstutorial_rails_4_0/gems/actionpack-4.0.8/lib/action_dispatch/middleware/templates/rescues/_trace.erb (1.5ms)
  Rendered /home/mark/.rvm/gems/ruby-2.0.0-p481@railstutorial_rails_4_0/gems/actionpack-4.0.8/lib/action_dispatch/middleware/templates/rescues/_request_and_response.erb (1.6ms)
  Rendered /home/mark/.rvm/gems/ruby-2.0.0-p481@railstutorial_rails_4_0/gems/actionpack-4.0.8/lib/action_dispatch/middleware/templates/rescues/diagnostics.erb within rescues/layout (23.9ms)


Started GET "/player_pos" for 127.0.0.1 at 2014-10-25 20:50:34 -0500

RuntimeError (Circular dependency detected while autoloading constant PlayerController):
  activesupport (4.0.8) lib/active_support/dependencies.rb:461:in `load_missing_constant'
  activesupport (4.0.8) lib/active_support/dependencies.rb:184:in `const_missing'
  activesupport (4.0.8) lib/active_support/inflector/methods.rb:226:in `const_get'
  activesupport (4.0.8) lib/active_support/inflector/methods.rb:226:in `block in constantize'
  activesupport (4.0.8) lib/active_support/inflector/methods.rb:224:in `each'
  activesupport (4.0.8) lib/active_support/inflector/methods.rb:224:in `inject'
  activesupport (4.0.8) lib/active_support/inflector/methods.rb:224:in `constantize'
  activesupport (4.0.8) lib/active_support/dependencies.rb:535:in `get'
  activesupport (4.0.8) lib/active_support/dependencies.rb:566:in `constantize'
  actionpack (4.0.8) lib/action_dispatch/routing/route_set.rb:78:in `controller_reference'
  actionpack (4.0.8) lib/action_dispatch/routing/route_set.rb:68:in `controller'
  actionpack (4.0.8) lib/action_dispatch/routing/route_set.rb:46:in `call'
  actionpack (4.0.8) lib/action_dispatch/journey/router.rb:71:in `block in call'
  actionpack (4.0.8) lib/action_dispatch/journey/router.rb:59:in `each'
  actionpack (4.0.8) lib/action_dispatch/journey/router.rb:59:in `call'
  actionpack (4.0.8) lib/action_dispatch/routing/route_set.rb:676:in `call'
  rack (1.5.2) lib/rack/etag.rb:23:in `call'
  rack (1.5.2) lib/rack/conditionalget.rb:25:in `call'
  rack (1.5.2) lib/rack/head.rb:11:in `call'
  actionpack (4.0.8) lib/action_dispatch/middleware/params_parser.rb:27:in `call'
  actionpack (4.0.8) lib/action_dispatch/middleware/flash.rb:241:in `call'
  rack (1.5.2) lib/rack/session/abstract/id.rb:225:in `context'
  rack (1.5.2) lib/rack/session/abstract/id.rb:220:in `call'
  actionpack (4.0.8) lib/action_dispatch/middleware/cookies.rb:486:in `call'
  activerecord (4.0.8) lib/active_record/query_cache.rb:36:in `call'
  activerecord (4.0.8) lib/active_record/connection_adapters/abstract/connection_pool.rb:626:in `call'
  activerecord (4.0.8) lib/active_record/migration.rb:373:in `call'
  actionpack (4.0.8) lib/action_dispatch/middleware/callbacks.rb:29:in `block in call'
  activesupport (4.0.8) lib/active_support/callbacks.rb:373:in `_run__4512465877879810427__call__callbacks'
  activesupport (4.0.8) lib/active_support/callbacks.rb:80:in `run_callbacks'
  actionpack (4.0.8) lib/action_dispatch/middleware/callbacks.rb:27:in `call'
  actionpack (4.0.8) lib/action_dispatch/middleware/reloader.rb:64:in `call'
  actionpack (4.0.8) lib/action_dispatch/middleware/remote_ip.rb:76:in `call'
  actionpack (4.0.8) lib/action_dispatch/middleware/debug_exceptions.rb:17:in `call'
  actionpack (4.0.8) lib/action_dispatch/middleware/show_exceptions.rb:30:in `call'
  railties (4.0.8) lib/rails/rack/logger.rb:38:in `call_app'
  railties (4.0.8) lib/rails/rack/logger.rb:20:in `block in call'
  activesupport (4.0.8) lib/active_support/tagged_logging.rb:68:in `block in tagged'
  activesupport (4.0.8) lib/active_support/tagged_logging.rb:26:in `tagged'
  activesupport (4.0.8) lib/active_support/tagged_logging.rb:68:in `tagged'
  railties (4.0.8) lib/rails/rack/logger.rb:20:in `call'
  actionpack (4.0.8) lib/action_dispatch/middleware/request_id.rb:21:in `call'
  rack (1.5.2) lib/rack/methodoverride.rb:21:in `call'
  rack (1.5.2) lib/rack/runtime.rb:17:in `call'
  activesupport (4.0.8) lib/active_support/cache/strategy/local_cache.rb:83:in `call'
  rack (1.5.2) lib/rack/lock.rb:17:in `call'
  actionpack (4.0.8) lib/action_dispatch/middleware/static.rb:64:in `call'
  rack (1.5.2) lib/rack/sendfile.rb:112:in `call'
  railties (4.0.8) lib/rails/engine.rb:511:in `call'
  railties (4.0.8) lib/rails/application.rb:97:in `call'
  rack (1.5.2) lib/rack/lock.rb:17:in `call'
  rack (1.5.2) lib/rack/content_length.rb:14:in `call'
  rack (1.5.2) lib/rack/handler/webrick.rb:60:in `service'
  /home/mark/.rvm/rubies/ruby-2.0.0-p481/lib/ruby/2.0.0/webrick/httpserver.rb:138:in `service'
  /home/mark/.rvm/rubies/ruby-2.0.0-p481/lib/ruby/2.0.0/webrick/httpserver.rb:94:in `run'
  /home/mark/.rvm/rubies/ruby-2.0.0-p481/lib/ruby/2.0.0/webrick/server.rb:295:in `block in start_thread'


  Rendered /home/mark/.rvm/gems/ruby-2.0.0-p481@railstutorial_rails_4_0/gems/actionpack-4.0.8/lib/action_dispatch/middleware/templates/rescues/_source.erb (1.3ms)
  Rendered /home/mark/.rvm/gems/ruby-2.0.0-p481@railstutorial_rails_4_0/gems/actionpack-4.0.8/lib/action_dispatch/middleware/templates/rescues/_trace.erb (2.2ms)
  Rendered /home/mark/.rvm/gems/ruby-2.0.0-p481@railstutorial_rails_4_0/gems/actionpack-4.0.8/lib/action_dispatch/middleware/templates/rescues/_request_and_response.erb (2.8ms)
  Rendered /home/mark/.rvm/gems/ruby-2.0.0-p481@railstutorial_rails_4_0/gems/actionpack-4.0.8/lib/action_dispatch/middleware/templates/rescues/diagnostics.erb within rescues/layout (43.1ms)


Started GET "/player_pos" for 127.0.0.1 at 2014-10-25 20:51:03 -0500

RuntimeError (Circular dependency detected while autoloading constant PlayerController):
  activesupport (4.0.8) lib/active_support/dependencies.rb:461:in `load_missing_constant'
  activesupport (4.0.8) lib/active_support/dependencies.rb:184:in `const_missing'
  activesupport (4.0.8) lib/active_support/inflector/methods.rb:226:in `const_get'
  activesupport (4.0.8) lib/active_support/inflector/methods.rb:226:in `block in constantize'
  activesupport (4.0.8) lib/active_support/inflector/methods.rb:224:in `each'
  activesupport (4.0.8) lib/active_support/inflector/methods.rb:224:in `inject'
  activesupport (4.0.8) lib/active_support/inflector/methods.rb:224:in `constantize'
  activesupport (4.0.8) lib/active_support/dependencies.rb:535:in `get'
  activesupport (4.0.8) lib/active_support/dependencies.rb:566:in `constantize'
  actionpack (4.0.8) lib/action_dispatch/routing/route_set.rb:78:in `controller_reference'
  actionpack (4.0.8) lib/action_dispatch/routing/route_set.rb:68:in `controller'
  actionpack (4.0.8) lib/action_dispatch/routing/route_set.rb:46:in `call'
  actionpack (4.0.8) lib/action_dispatch/journey/router.rb:71:in `block in call'
  actionpack (4.0.8) lib/action_dispatch/journey/router.rb:59:in `each'
  actionpack (4.0.8) lib/action_dispatch/journey/router.rb:59:in `call'
  actionpack (4.0.8) lib/action_dispatch/routing/route_set.rb:676:in `call'
  rack (1.5.2) lib/rack/etag.rb:23:in `call'
  rack (1.5.2) lib/rack/conditionalget.rb:25:in `call'
  rack (1.5.2) lib/rack/head.rb:11:in `call'
  actionpack (4.0.8) lib/action_dispatch/middleware/params_parser.rb:27:in `call'
  actionpack (4.0.8) lib/action_dispatch/middleware/flash.rb:241:in `call'
  rack (1.5.2) lib/rack/session/abstract/id.rb:225:in `context'
  rack (1.5.2) lib/rack/session/abstract/id.rb:220:in `call'
  actionpack (4.0.8) lib/action_dispatch/middleware/cookies.rb:486:in `call'
  activerecord (4.0.8) lib/active_record/query_cache.rb:36:in `call'
  activerecord (4.0.8) lib/active_record/connection_adapters/abstract/connection_pool.rb:626:in `call'
  activerecord (4.0.8) lib/active_record/migration.rb:373:in `call'
  actionpack (4.0.8) lib/action_dispatch/middleware/callbacks.rb:29:in `block in call'
  activesupport (4.0.8) lib/active_support/callbacks.rb:373:in `_run__4512465877879810427__call__callbacks'
  activesupport (4.0.8) lib/active_support/callbacks.rb:80:in `run_callbacks'
  actionpack (4.0.8) lib/action_dispatch/middleware/callbacks.rb:27:in `call'
  actionpack (4.0.8) lib/action_dispatch/middleware/reloader.rb:64:in `call'
  actionpack (4.0.8) lib/action_dispatch/middleware/remote_ip.rb:76:in `call'
  actionpack (4.0.8) lib/action_dispatch/middleware/debug_exceptions.rb:17:in `call'
  actionpack (4.0.8) lib/action_dispatch/middleware/show_exceptions.rb:30:in `call'
  railties (4.0.8) lib/rails/rack/logger.rb:38:in `call_app'
  railties (4.0.8) lib/rails/rack/logger.rb:20:in `block in call'
  activesupport (4.0.8) lib/active_support/tagged_logging.rb:68:in `block in tagged'
  activesupport (4.0.8) lib/active_support/tagged_logging.rb:26:in `tagged'
  activesupport (4.0.8) lib/active_support/tagged_logging.rb:68:in `tagged'
  railties (4.0.8) lib/rails/rack/logger.rb:20:in `call'
  actionpack (4.0.8) lib/action_dispatch/middleware/request_id.rb:21:in `call'
  rack (1.5.2) lib/rack/methodoverride.rb:21:in `call'
  rack (1.5.2) lib/rack/runtime.rb:17:in `call'
  activesupport (4.0.8) lib/active_support/cache/strategy/local_cache.rb:83:in `call'
  rack (1.5.2) lib/rack/lock.rb:17:in `call'
  actionpack (4.0.8) lib/action_dispatch/middleware/static.rb:64:in `call'
  rack (1.5.2) lib/rack/sendfile.rb:112:in `call'
  railties (4.0.8) lib/rails/engine.rb:511:in `call'
  railties (4.0.8) lib/rails/application.rb:97:in `call'
  rack (1.5.2) lib/rack/lock.rb:17:in `call'
  rack (1.5.2) lib/rack/content_length.rb:14:in `call'
  rack (1.5.2) lib/rack/handler/webrick.rb:60:in `service'
  /home/mark/.rvm/rubies/ruby-2.0.0-p481/lib/ruby/2.0.0/webrick/httpserver.rb:138:in `service'
  /home/mark/.rvm/rubies/ruby-2.0.0-p481/lib/ruby/2.0.0/webrick/httpserver.rb:94:in `run'
  /home/mark/.rvm/rubies/ruby-2.0.0-p481/lib/ruby/2.0.0/webrick/server.rb:295:in `block in start_thread'


  Rendered /home/mark/.rvm/gems/ruby-2.0.0-p481@railstutorial_rails_4_0/gems/actionpack-4.0.8/lib/action_dispatch/middleware/templates/rescues/_source.erb (1.2ms)
  Rendered /home/mark/.rvm/gems/ruby-2.0.0-p481@railstutorial_rails_4_0/gems/actionpack-4.0.8/lib/action_dispatch/middleware/templates/rescues/_trace.erb (2.9ms)
  Rendered /home/mark/.rvm/gems/ruby-2.0.0-p481@railstutorial_rails_4_0/gems/actionpack-4.0.8/lib/action_dispatch/middleware/templates/rescues/_request_and_response.erb (3.1ms)
  Rendered /home/mark/.rvm/gems/ruby-2.0.0-p481@railstutorial_rails_4_0/gems/actionpack-4.0.8/lib/action_dispatch/middleware/templates/rescues/diagnostics.erb within rescues/layout (53.3ms)


Started GET "/player_pos" for 127.0.0.1 at 2014-10-25 20:51:26 -0500

LoadError (Unable to autoload constant PlayerController, expected /media/sf_public_transfer/SchoolFiles/RailsProjects/soccer_repo/app/controllers/player_controller.rb to define it):
  activesupport (4.0.8) lib/active_support/dependencies.rb:464:in `load_missing_constant'
  activesupport (4.0.8) lib/active_support/dependencies.rb:184:in `const_missing'
  activesupport (4.0.8) lib/active_support/inflector/methods.rb:226:in `const_get'
  activesupport (4.0.8) lib/active_support/inflector/methods.rb:226:in `block in constantize'
  activesupport (4.0.8) lib/active_support/inflector/methods.rb:224:in `each'
  activesupport (4.0.8) lib/active_support/inflector/methods.rb:224:in `inject'
  activesupport (4.0.8) lib/active_support/inflector/methods.rb:224:in `constantize'
  activesupport (4.0.8) lib/active_support/dependencies.rb:535:in `get'
  activesupport (4.0.8) lib/active_support/dependencies.rb:566:in `constantize'
  actionpack (4.0.8) lib/action_dispatch/routing/route_set.rb:78:in `controller_reference'
  actionpack (4.0.8) lib/action_dispatch/routing/route_set.rb:68:in `controller'
  actionpack (4.0.8) lib/action_dispatch/routing/route_set.rb:46:in `call'
  actionpack (4.0.8) lib/action_dispatch/journey/router.rb:71:in `block in call'
  actionpack (4.0.8) lib/action_dispatch/journey/router.rb:59:in `each'
  actionpack (4.0.8) lib/action_dispatch/journey/router.rb:59:in `call'
  actionpack (4.0.8) lib/action_dispatch/routing/route_set.rb:676:in `call'
  rack (1.5.2) lib/rack/etag.rb:23:in `call'
  rack (1.5.2) lib/rack/conditionalget.rb:25:in `call'
  rack (1.5.2) lib/rack/head.rb:11:in `call'
  actionpack (4.0.8) lib/action_dispatch/middleware/params_parser.rb:27:in `call'
  actionpack (4.0.8) lib/action_dispatch/middleware/flash.rb:241:in `call'
  rack (1.5.2) lib/rack/session/abstract/id.rb:225:in `context'
  rack (1.5.2) lib/rack/session/abstract/id.rb:220:in `call'
  actionpack (4.0.8) lib/action_dispatch/middleware/cookies.rb:486:in `call'
  activerecord (4.0.8) lib/active_record/query_cache.rb:36:in `call'
  activerecord (4.0.8) lib/active_record/connection_adapters/abstract/connection_pool.rb:626:in `call'
  activerecord (4.0.8) lib/active_record/migration.rb:373:in `call'
  actionpack (4.0.8) lib/action_dispatch/middleware/callbacks.rb:29:in `block in call'
  activesupport (4.0.8) lib/active_support/callbacks.rb:373:in `_run__2922889606721634028__call__callbacks'
  activesupport (4.0.8) lib/active_support/callbacks.rb:80:in `run_callbacks'
  actionpack (4.0.8) lib/action_dispatch/middleware/callbacks.rb:27:in `call'
  actionpack (4.0.8) lib/action_dispatch/middleware/reloader.rb:64:in `call'
  actionpack (4.0.8) lib/action_dispatch/middleware/remote_ip.rb:76:in `call'
  actionpack (4.0.8) lib/action_dispatch/middleware/debug_exceptions.rb:17:in `call'
  actionpack (4.0.8) lib/action_dispatch/middleware/show_exceptions.rb:30:in `call'
  railties (4.0.8) lib/rails/rack/logger.rb:38:in `call_app'
  railties (4.0.8) lib/rails/rack/logger.rb:20:in `block in call'
  activesupport (4.0.8) lib/active_support/tagged_logging.rb:68:in `block in tagged'
  activesupport (4.0.8) lib/active_support/tagged_logging.rb:26:in `tagged'
  activesupport (4.0.8) lib/active_support/tagged_logging.rb:68:in `tagged'
  railties (4.0.8) lib/rails/rack/logger.rb:20:in `call'
  actionpack (4.0.8) lib/action_dispatch/middleware/request_id.rb:21:in `call'
  rack (1.5.2) lib/rack/methodoverride.rb:21:in `call'
  rack (1.5.2) lib/rack/runtime.rb:17:in `call'
  activesupport (4.0.8) lib/active_support/cache/strategy/local_cache.rb:83:in `call'
  rack (1.5.2) lib/rack/lock.rb:17:in `call'
  actionpack (4.0.8) lib/action_dispatch/middleware/static.rb:64:in `call'
  rack (1.5.2) lib/rack/sendfile.rb:112:in `call'
  railties (4.0.8) lib/rails/engine.rb:511:in `call'
  railties (4.0.8) lib/rails/application.rb:97:in `call'
  rack (1.5.2) lib/rack/lock.rb:17:in `call'
  rack (1.5.2) lib/rack/content_length.rb:14:in `call'
  rack (1.5.2) lib/rack/handler/webrick.rb:60:in `service'
  /home/mark/.rvm/rubies/ruby-2.0.0-p481/lib/ruby/2.0.0/webrick/httpserver.rb:138:in `service'
  /home/mark/.rvm/rubies/ruby-2.0.0-p481/lib/ruby/2.0.0/webrick/httpserver.rb:94:in `run'
  /home/mark/.rvm/rubies/ruby-2.0.0-p481/lib/ruby/2.0.0/webrick/server.rb:295:in `block in start_thread'


  Rendered /home/mark/.rvm/gems/ruby-2.0.0-p481@railstutorial_rails_4_0/gems/actionpack-4.0.8/lib/action_dispatch/middleware/templates/rescues/_source.erb (0.8ms)
  Rendered /home/mark/.rvm/gems/ruby-2.0.0-p481@railstutorial_rails_4_0/gems/actionpack-4.0.8/lib/action_dispatch/middleware/templates/rescues/_trace.erb (1.3ms)
  Rendered /home/mark/.rvm/gems/ruby-2.0.0-p481@railstutorial_rails_4_0/gems/actionpack-4.0.8/lib/action_dispatch/middleware/templates/rescues/_request_and_response.erb (24.0ms)
  Rendered /home/mark/.rvm/gems/ruby-2.0.0-p481@railstutorial_rails_4_0/gems/actionpack-4.0.8/lib/action_dispatch/middleware/templates/rescues/diagnostics.erb within rescues/layout (58.5ms)


Started GET "/player_pos" for 127.0.0.1 at 2014-10-25 20:53:33 -0500
Processing by PlayerController#positions as HTML
  Rendered player/positions.html.erb (9.6ms)
Completed 200 OK in 186ms (Views: 153.2ms | ActiveRecord: 0.0ms)


Started GET "/player_pos" for 127.0.0.1 at 2014-10-25 20:54:17 -0500
Processing by PlayerController#positions as HTML
  Rendered player/positions.html.erb (18.4ms)
Completed 200 OK in 285ms (Views: 244.6ms | ActiveRecord: 0.0ms)


Started GET "/player_pos" for 127.0.0.1 at 2014-10-25 20:54:21 -0500
Processing by PlayerController#positions as HTML
  Rendered player/positions.html.erb (0.1ms)
Completed 200 OK in 267ms (Views: 266.0ms | ActiveRecord: 0.0ms)


Started GET "/" for 127.0.0.1 at 2014-10-27 14:50:26 -0500

LoadError (Unable to autoload constant StaticPagesController, expected /media/sf_public_transfer/SchoolFiles/RailsProjects/soccer_repo/app/controllers/static_pages_controller.rb to define it):
  activesupport (4.0.8) lib/active_support/dependencies.rb:464:in `load_missing_constant'
  activesupport (4.0.8) lib/active_support/dependencies.rb:184:in `const_missing'
  activesupport (4.0.8) lib/active_support/inflector/methods.rb:226:in `const_get'
  activesupport (4.0.8) lib/active_support/inflector/methods.rb:226:in `block in constantize'
  activesupport (4.0.8) lib/active_support/inflector/methods.rb:224:in `each'
  activesupport (4.0.8) lib/active_support/inflector/methods.rb:224:in `inject'
  activesupport (4.0.8) lib/active_support/inflector/methods.rb:224:in `constantize'
  activesupport (4.0.8) lib/active_support/dependencies.rb:535:in `get'
  activesupport (4.0.8) lib/active_support/dependencies.rb:566:in `constantize'
  actionpack (4.0.8) lib/action_dispatch/routing/route_set.rb:78:in `controller_reference'
  actionpack (4.0.8) lib/action_dispatch/routing/route_set.rb:68:in `controller'
  actionpack (4.0.8) lib/action_dispatch/routing/route_set.rb:46:in `call'
  actionpack (4.0.8) lib/action_dispatch/journey/router.rb:71:in `block in call'
  actionpack (4.0.8) lib/action_dispatch/journey/router.rb:59:in `each'
  actionpack (4.0.8) lib/action_dispatch/journey/router.rb:59:in `call'
  actionpack (4.0.8) lib/action_dispatch/routing/route_set.rb:676:in `call'
  rack (1.5.2) lib/rack/etag.rb:23:in `call'
  rack (1.5.2) lib/rack/conditionalget.rb:25:in `call'
  rack (1.5.2) lib/rack/head.rb:11:in `call'
  actionpack (4.0.8) lib/action_dispatch/middleware/params_parser.rb:27:in `call'
  actionpack (4.0.8) lib/action_dispatch/middleware/flash.rb:241:in `call'
  rack (1.5.2) lib/rack/session/abstract/id.rb:225:in `context'
  rack (1.5.2) lib/rack/session/abstract/id.rb:220:in `call'
  actionpack (4.0.8) lib/action_dispatch/middleware/cookies.rb:486:in `call'
  activerecord (4.0.8) lib/active_record/query_cache.rb:36:in `call'
  activerecord (4.0.8) lib/active_record/connection_adapters/abstract/connection_pool.rb:626:in `call'
  activerecord (4.0.8) lib/active_record/migration.rb:373:in `call'
  actionpack (4.0.8) lib/action_dispatch/middleware/callbacks.rb:29:in `block in call'
  activesupport (4.0.8) lib/active_support/callbacks.rb:373:in `_run__756928675298703119__call__callbacks'
  activesupport (4.0.8) lib/active_support/callbacks.rb:80:in `run_callbacks'
  actionpack (4.0.8) lib/action_dispatch/middleware/callbacks.rb:27:in `call'
  actionpack (4.0.8) lib/action_dispatch/middleware/reloader.rb:64:in `call'
  actionpack (4.0.8) lib/action_dispatch/middleware/remote_ip.rb:76:in `call'
  actionpack (4.0.8) lib/action_dispatch/middleware/debug_exceptions.rb:17:in `call'
  actionpack (4.0.8) lib/action_dispatch/middleware/show_exceptions.rb:30:in `call'
  railties (4.0.8) lib/rails/rack/logger.rb:38:in `call_app'
  railties (4.0.8) lib/rails/rack/logger.rb:20:in `block in call'
  activesupport (4.0.8) lib/active_support/tagged_logging.rb:68:in `block in tagged'
  activesupport (4.0.8) lib/active_support/tagged_logging.rb:26:in `tagged'
  activesupport (4.0.8) lib/active_support/tagged_logging.rb:68:in `tagged'
  railties (4.0.8) lib/rails/rack/logger.rb:20:in `call'
  actionpack (4.0.8) lib/action_dispatch/middleware/request_id.rb:21:in `call'
  rack (1.5.2) lib/rack/methodoverride.rb:21:in `call'
  rack (1.5.2) lib/rack/runtime.rb:17:in `call'
  activesupport (4.0.8) lib/active_support/cache/strategy/local_cache.rb:83:in `call'
  rack (1.5.2) lib/rack/lock.rb:17:in `call'
  actionpack (4.0.8) lib/action_dispatch/middleware/static.rb:64:in `call'
  rack (1.5.2) lib/rack/sendfile.rb:112:in `call'
  railties (4.0.8) lib/rails/engine.rb:511:in `call'
  railties (4.0.8) lib/rails/application.rb:97:in `call'
  rack (1.5.2) lib/rack/lock.rb:17:in `call'
  rack (1.5.2) lib/rack/content_length.rb:14:in `call'
  rack (1.5.2) lib/rack/handler/webrick.rb:60:in `service'
  /home/mark/.rvm/rubies/ruby-2.0.0-p481/lib/ruby/2.0.0/webrick/httpserver.rb:138:in `service'
  /home/mark/.rvm/rubies/ruby-2.0.0-p481/lib/ruby/2.0.0/webrick/httpserver.rb:94:in `run'
  /home/mark/.rvm/rubies/ruby-2.0.0-p481/lib/ruby/2.0.0/webrick/server.rb:295:in `block in start_thread'


  Rendered /home/mark/.rvm/gems/ruby-2.0.0-p481@railstutorial_rails_4_0/gems/actionpack-4.0.8/lib/action_dispatch/middleware/templates/rescues/_source.erb (0.7ms)
  Rendered /home/mark/.rvm/gems/ruby-2.0.0-p481@railstutorial_rails_4_0/gems/actionpack-4.0.8/lib/action_dispatch/middleware/templates/rescues/_trace.erb (1.2ms)
  Rendered /home/mark/.rvm/gems/ruby-2.0.0-p481@railstutorial_rails_4_0/gems/actionpack-4.0.8/lib/action_dispatch/middleware/templates/rescues/_request_and_response.erb (23.3ms)
  Rendered /home/mark/.rvm/gems/ruby-2.0.0-p481@railstutorial_rails_4_0/gems/actionpack-4.0.8/lib/action_dispatch/middleware/templates/rescues/diagnostics.erb within rescues/layout (84.6ms)


Started GET "/" for 127.0.0.1 at 2014-10-27 14:50:51 -0500
Processing by StaticPagesController#home as HTML
  Rendered static_pages/home.html.erb (16.1ms)
Completed 200 OK in 208ms (Views: 178.3ms | ActiveRecord: 0.0ms)


Started GET "/" for 127.0.0.1 at 2014-10-27 14:59:41 -0500
Processing by StaticPagesController#home as HTML
  Rendered static_pages/home.html.erb (11.8ms)
Completed 200 OK in 207ms (Views: 177.6ms | ActiveRecord: 0.0ms)


Started GET "/" for 127.0.0.1 at 2014-10-27 14:59:42 -0500
Processing by StaticPagesController#home as HTML
  Rendered static_pages/home.html.erb (0.1ms)
Completed 200 OK in 118ms (Views: 117.1ms | ActiveRecord: 0.0ms)
  [1m[36m (3.5ms)[0m  [1mCREATE TABLE "schema_migrations" ("version" varchar(255) NOT NULL) [0m
  [1m[35m (2.0ms)[0m  CREATE UNIQUE INDEX "unique_schema_migrations" ON "schema_migrations" ("version")
  [1m[36mActiveRecord::SchemaMigration Load (0.1ms)[0m  [1mSELECT "schema_migrations".* FROM "schema_migrations"[0m
Migrating to CreateUsers (20141027212118)
  [1m[35m (0.1ms)[0m  begin transaction
  [1m[36m (0.3ms)[0m  [1mCREATE TABLE "users" ("id" INTEGER PRIMARY KEY AUTOINCREMENT NOT NULL, "firstName" varchar(255), "lastName" varchar(255), "email" varchar(255), "created_at" datetime, "updated_at" datetime) [0m
  [1m[35mSQL (0.1ms)[0m  INSERT INTO "schema_migrations" ("version") VALUES (?)  [["version", "20141027212118"]]
  [1m[36m (2.3ms)[0m  [1mcommit transaction[0m
  [1m[35mActiveRecord::SchemaMigration Load (0.1ms)[0m  SELECT "schema_migrations".* FROM "schema_migrations"


Started GET "/" for 127.0.0.1 at 2014-10-27 16:22:03 -0500
  [1m[36mActiveRecord::SchemaMigration Load (0.1ms)[0m  [1mSELECT "schema_migrations".* FROM "schema_migrations"[0m
Processing by StaticPagesController#home as HTML
  Rendered static_pages/home.html.erb (1.5ms)
Completed 200 OK in 11ms (Views: 10.7ms | ActiveRecord: 0.0ms)


Started GET "/users" for 127.0.0.1 at 2014-10-27 16:22:06 -0500
Processing by UsersController#index as HTML
  [1m[35mUser Load (0.2ms)[0m  SELECT "users".* FROM "users"
  Rendered users/index.html.erb within layouts/application (3.5ms)
  Rendered layouts/_header.html.erb (0.8ms)
  Rendered layouts/_footer.html.erb (0.4ms)
Completed 200 OK in 476ms (Views: 473.9ms | ActiveRecord: 0.2ms)


Started GET "/assets/application.css?body=1" for 127.0.0.1 at 2014-10-27 16:22:06 -0500


Started GET "/assets/scaffolds.css?body=1" for 127.0.0.1 at 2014-10-27 16:22:06 -0500


Started GET "/assets/users.css?body=1" for 127.0.0.1 at 2014-10-27 16:22:06 -0500


Started GET "/assets/jquery.js?body=1" for 127.0.0.1 at 2014-10-27 16:22:06 -0500


Started GET "/assets/jquery_ujs.js?body=1" for 127.0.0.1 at 2014-10-27 16:22:06 -0500


Started GET "/assets/turbolinks.js?body=1" for 127.0.0.1 at 2014-10-27 16:22:06 -0500


Started GET "/assets/users.js?body=1" for 127.0.0.1 at 2014-10-27 16:22:06 -0500


Started GET "/assets/application.js?body=1" for 127.0.0.1 at 2014-10-27 16:22:06 -0500


Started GET "/users/new" for 127.0.0.1 at 2014-10-27 16:22:10 -0500
Processing by UsersController#new as HTML
  Rendered users/_form.html.erb (156.4ms)
  Rendered users/new.html.erb within layouts/application (160.4ms)
  Rendered layouts/_header.html.erb (0.3ms)
  Rendered layouts/_footer.html.erb (0.2ms)
Completed 200 OK in 167ms (Views: 165.4ms | ActiveRecord: 0.4ms)


Started GET "/users/new" for 127.0.0.1 at 2014-10-27 16:22:10 -0500
Processing by UsersController#new as HTML
  Rendered users/_form.html.erb (8.0ms)
  Rendered users/new.html.erb within layouts/application (13.5ms)
  Rendered layouts/_header.html.erb (0.0ms)
  Rendered layouts/_footer.html.erb (0.0ms)
Completed 200 OK in 20ms (Views: 19.4ms | ActiveRecord: 0.0ms)


Started GET "/assets/application.css?body=1" for 127.0.0.1 at 2014-10-27 16:22:10 -0500


Started GET "/assets/scaffolds.css?body=1" for 127.0.0.1 at 2014-10-27 16:22:10 -0500


Started GET "/assets/users.css?body=1" for 127.0.0.1 at 2014-10-27 16:22:10 -0500


Started GET "/assets/jquery_ujs.js?body=1" for 127.0.0.1 at 2014-10-27 16:22:10 -0500


Started GET "/assets/jquery.js?body=1" for 127.0.0.1 at 2014-10-27 16:22:10 -0500


Started GET "/assets/turbolinks.js?body=1" for 127.0.0.1 at 2014-10-27 16:22:10 -0500


Started GET "/assets/users.js?body=1" for 127.0.0.1 at 2014-10-27 16:22:10 -0500


Started GET "/assets/application.js?body=1" for 127.0.0.1 at 2014-10-27 16:22:10 -0500
  [1m[36mActiveRecord::SchemaMigration Load (0.1ms)[0m  [1mSELECT "schema_migrations".* FROM "schema_migrations"[0m
  [1m[35mActiveRecord::SchemaMigration Load (0.1ms)[0m  SELECT "schema_migrations".* FROM "schema_migrations"
  [1m[36mActiveRecord::SchemaMigration Load (0.1ms)[0m  [1mSELECT "schema_migrations".* FROM "schema_migrations"[0m
Migrating to AddUserTypeToUsers (20141028012444)
  [1m[35m (0.1ms)[0m  begin transaction
  [1m[36m (0.4ms)[0m  [1mALTER TABLE "users" ADD "user_type" text[0m
  [1m[35mSQL (0.3ms)[0m  INSERT INTO "schema_migrations" ("version") VALUES (?)  [["version", "20141028012444"]]
  [1m[36m (4.1ms)[0m  [1mcommit transaction[0m
  [1m[35mActiveRecord::SchemaMigration Load (0.1ms)[0m  SELECT "schema_migrations".* FROM "schema_migrations"
  [1m[36mActiveRecord::SchemaMigration Load (0.1ms)[0m  [1mSELECT "schema_migrations".* FROM "schema_migrations"[0m
Migrating to FixColumnNames (20141028012653)
  [1m[36mActiveRecord::SchemaMigration Load (0.1ms)[0m  [1mSELECT "schema_migrations".* FROM "schema_migrations"[0m
Migrating to FixColumnNames (20141028012653)
  [1m[35m (0.1ms)[0m  begin transaction
  [1m[36m (1.1ms)[0m  [1mCREATE TEMPORARY TABLE "ausers" ("id" INTEGER PRIMARY KEY AUTOINCREMENT NOT NULL, "first_name" varchar(255), "lastName" varchar(255), "email" varchar(255), "created_at" datetime, "updated_at" datetime, "user_type" text) [0m
  [1m[35m (0.1ms)[0m  SELECT * FROM "users"
  [1m[36m (0.4ms)[0m  [1mDROP TABLE "users"[0m
  [1m[35m (0.1ms)[0m  CREATE TABLE "users" ("id" INTEGER PRIMARY KEY AUTOINCREMENT NOT NULL, "first_name" varchar(255), "lastName" varchar(255), "email" varchar(255), "created_at" datetime, "updated_at" datetime, "user_type" text) 
  [1m[36m (0.1ms)[0m  [1mSELECT * FROM "ausers"[0m
  [1m[35m (0.2ms)[0m  DROP TABLE "ausers"
  [1m[36m (0.1ms)[0m  [1mCREATE TEMPORARY TABLE "ausers" ("id" INTEGER PRIMARY KEY AUTOINCREMENT NOT NULL, "first_name" varchar(255), "last_name" varchar(255), "email" varchar(255), "created_at" datetime, "updated_at" datetime, "user_type" text) [0m
  [1m[35m (0.1ms)[0m  SELECT * FROM "users"
  [1m[36m (0.2ms)[0m  [1mDROP TABLE "users"[0m
  [1m[35m (0.1ms)[0m  CREATE TABLE "users" ("id" INTEGER PRIMARY KEY AUTOINCREMENT NOT NULL, "first_name" varchar(255), "last_name" varchar(255), "email" varchar(255), "created_at" datetime, "updated_at" datetime, "user_type" text) 
  [1m[36m (0.1ms)[0m  [1mSELECT * FROM "ausers"[0m
  [1m[35m (0.1ms)[0m  DROP TABLE "ausers"
  [1m[36mSQL (0.4ms)[0m  [1mINSERT INTO "schema_migrations" ("version") VALUES (?)[0m  [["version", "20141028012653"]]
  [1m[35m (2.9ms)[0m  commit transaction
  [1m[36mActiveRecord::SchemaMigration Load (0.1ms)[0m  [1mSELECT "schema_migrations".* FROM "schema_migrations"[0m


Started GET "/" for 127.0.0.1 at 2014-10-28 18:49:58 -0500
  [1m[36mActiveRecord::SchemaMigration Load (4.4ms)[0m  [1mSELECT "schema_migrations".* FROM "schema_migrations"[0m
Processing by StaticPagesController#home as HTML
  Rendered static_pages/home.html.erb (12.4ms)
Completed 200 OK in 208ms (Views: 206.8ms | ActiveRecord: 0.0ms)


Started GET "/" for 127.0.0.1 at 2014-10-28 18:50:30 -0500
Processing by StaticPagesController#home as HTML
  Rendered static_pages/home.html.erb (1.1ms)
Completed 200 OK in 144ms (Views: 143.3ms | ActiveRecord: 0.0ms)


Started GET "/" for 127.0.0.1 at 2014-10-28 19:14:44 -0500
  [1m[36mActiveRecord::SchemaMigration Load (2.7ms)[0m  [1mSELECT "schema_migrations".* FROM "schema_migrations"[0m
Processing by StaticPagesController#home as HTML
  Rendered static_pages/home.html.erb (62.9ms)
Completed 200 OK in 312ms (Views: 311.0ms | ActiveRecord: 0.0ms)


Started GET "/" for 127.0.0.1 at 2014-10-28 19:20:24 -0500
  [1m[36mActiveRecord::SchemaMigration Load (3.9ms)[0m  [1mSELECT "schema_migrations".* FROM "schema_migrations"[0m
Processing by StaticPagesController#home as HTML
  Rendered static_pages/home.html.erb within layouts/application (12.6ms)
  Rendered layouts/_shim.html.erb (0.8ms)
  Rendered layouts/_header.html.erb (0.7ms)
  Rendered layouts/_footer.html.erb (0.6ms)
Completed 200 OK in 2174ms (Views: 2172.5ms | ActiveRecord: 0.0ms)


Started GET "/assets/scaffolds.css?body=1" for 127.0.0.1 at 2014-10-28 19:20:28 -0500


Started GET "/assets/turbolinks.js?body=1" for 127.0.0.1 at 2014-10-28 19:20:28 -0500


Started GET "/assets/application.css?body=1" for 127.0.0.1 at 2014-10-28 19:20:28 -0500


Started GET "/assets/users.css?body=1" for 127.0.0.1 at 2014-10-28 19:20:28 -0500


Started GET "/assets/application.js?body=1" for 127.0.0.1 at 2014-10-28 19:20:29 -0500


Started GET "/assets/jquery_ujs.js?body=1" for 127.0.0.1 at 2014-10-28 19:20:29 -0500


Started GET "/assets/users.js?body=1" for 127.0.0.1 at 2014-10-28 19:20:29 -0500


Started GET "/assets/jquery.js?body=1" for 127.0.0.1 at 2014-10-28 19:20:29 -0500
  [1m[36mActiveRecord::SchemaMigration Load (2.2ms)[0m  [1mSELECT "schema_migrations".* FROM "schema_migrations"[0m
Migrating to CreateTeams (20141029083842)
  [1m[35m (0.1ms)[0m  begin transaction
  [1m[36m (7.1ms)[0m  [1mCREATE TABLE "teams" ("id" INTEGER PRIMARY KEY AUTOINCREMENT NOT NULL, "name" varchar(255), "mascot" varchar(255), "created_at" datetime, "updated_at" datetime) [0m
  [1m[35mSQL (1.4ms)[0m  INSERT INTO "schema_migrations" ("version") VALUES (?)  [["version", "20141029083842"]]
  [1m[36m (15.1ms)[0m  [1mcommit transaction[0m
  [1m[35mActiveRecord::SchemaMigration Load (9.3ms)[0m  SELECT "schema_migrations".* FROM "schema_migrations"


Started GET "/" for 127.0.0.1 at 2014-10-29 03:43:10 -0500
  [1m[36mActiveRecord::SchemaMigration Load (3.5ms)[0m  [1mSELECT "schema_migrations".* FROM "schema_migrations"[0m
Processing by StaticPagesController#home as HTML
  Rendered static_pages/home.html.erb within layouts/application (45.9ms)
  Rendered layouts/_shim.html.erb (0.4ms)
  Rendered layouts/_header.html.erb (0.6ms)
  Rendered layouts/_footer.html.erb (0.8ms)
Completed 200 OK in 1573ms (Views: 1572.5ms | ActiveRecord: 0.0ms)


Started GET "/" for 127.0.0.1 at 2014-10-29 03:43:13 -0500
Processing by StaticPagesController#home as HTML
  Rendered static_pages/home.html.erb within layouts/application (0.2ms)
  Rendered layouts/_shim.html.erb (0.1ms)
  Rendered layouts/_header.html.erb (0.1ms)
  Rendered layouts/_footer.html.erb (0.1ms)
Completed 200 OK in 504ms (Views: 503.9ms | ActiveRecord: 0.0ms)


Started GET "/assets/scaffolds.css?body=1" for 127.0.0.1 at 2014-10-29 03:43:14 -0500


Started GET "/assets/users.css?body=1" for 127.0.0.1 at 2014-10-29 03:43:14 -0500


Started GET "/assets/application.css?body=1" for 127.0.0.1 at 2014-10-29 03:43:14 -0500


Started GET "/assets/turbolinks.js?body=1" for 127.0.0.1 at 2014-10-29 03:43:14 -0500


Started GET "/assets/jquery_ujs.js?body=1" for 127.0.0.1 at 2014-10-29 03:43:15 -0500


Started GET "/assets/jquery.js?body=1" for 127.0.0.1 at 2014-10-29 03:43:15 -0500


Started GET "/assets/users.js?body=1" for 127.0.0.1 at 2014-10-29 03:43:15 -0500


Started GET "/assets/application.js?body=1" for 127.0.0.1 at 2014-10-29 03:43:15 -0500
  [1m[36mActiveRecord::SchemaMigration Load (2.7ms)[0m  [1mSELECT "schema_migrations".* FROM "schema_migrations"[0m
  [1m[35mActiveRecord::SchemaMigration Load (2.4ms)[0m  SELECT "schema_migrations".* FROM "schema_migrations"
